<?xml version="1.0" encoding="UTF-8"?>
<testng-results ignored="0" total="1" passed="1" failed="0" skipped="0">
  <reporter-output>
  </reporter-output>
  <suite started-at="2024-11-22T22:58:52 IST" name="Default suite" finished-at="2024-11-22T22:59:23 IST" duration-ms="30888">
    <groups>
    </groups>
    <test started-at="2024-11-22T22:58:52 IST" name="Default test" finished-at="2024-11-22T22:59:23 IST" duration-ms="30888">
      <class name="assignments.HostGator">
        <test-method is-config="true" signature="setUp()[pri:0, instance:assignments.HostGator@5032714f]" started-at="2024-11-22T22:58:52 IST" name="setUp" finished-at="2024-11-22T22:59:21 IST" duration-ms="28525" status="PASS">
          <reporter-output>
          </reporter-output>
        </test-method> <!-- setUp -->
        <test-method signature="m()[pri:0, instance:assignments.HostGator@5032714f]" started-at="2024-11-22T22:59:21 IST" name="m" finished-at="2024-11-22T22:59:23 IST" duration-ms="2312" status="PASS">
          <reporter-output>
          </reporter-output>
        </test-method> <!-- m -->
      </class> <!-- assignments.HostGator -->
    </test> <!-- Default test -->
  </suite> <!-- Default suite -->
</testng-results>
