<?xml version="1.0" encoding="UTF-8"?>
<!-- Generated by org.testng.reporters.JUnitXMLReporter -->
<testsuite ignored="1" hostname="LAPTOP-966JUI2U" failures="0" tests="1" name="Default test" time="30.888" errors="0" timestamp="2024-11-22T22:59:23 IST">
  <testcase classname="assignments.HostGator" name="m" time="2.312"/>
  <testcase classname="assignments.HostGator" name="selectHostingPlans" time="0.0">
    <ignored/>
  </testcase> <!-- selectHostingPlans -->
</testsuite> <!-- Default test -->
