<?xml version="1.0" encoding="UTF-8"?>
<!-- Generated by org.testng.reporters.JUnitXMLReporter -->
<testsuite ignored="0" hostname="LAPTOP-966JUI2U" failures="0" tests="4" name="LoginTest" time="0.042" errors="0" timestamp="2024-11-15T15:07:22 IST">
  <testcase classname="registerpack.CustomerLogin" name="loginWithInvalidCredentials" time="0.015"/>
  <testcase classname="registerpack.CustomerLogin" name="loginWithInvalidUser" time="0.003"/>
  <testcase classname="registerpack.CustomerLogin" name="loginWithValidUser" time="0.003"/>
  <testcase classname="registerpack.CustomerLogin" name="loginWithvalidCredentials" time="0.004"/>
</testsuite> <!-- LoginTest -->
