<?xml version="1.0" encoding="UTF-8"?>
<!-- Generated by org.testng.reporters.JUnitXMLReporter -->
<testsuite ignored="7" hostname="LAPTOP-966JUI2U" failures="0" tests="3" name="Test" time="0.062" errors="0" timestamp="2024-11-12T15:56:07 IST">
  <testcase classname="registerpack.CustomerLogin" name="loginWithValidUser" time="0.01"/>
  <testcase classname="registerpack.CustomerRegistraion" name="registerwithValidEmail" time="0.001"/>
  <testcase classname="registerpack.SearchOperation" name="searchwithNoProduct" time="0.001"/>
  <testcase classname="registerpack.CustomerLogin" name="loginWithInvalidUser" time="0.0">
    <ignored/>
  </testcase> <!-- loginWithInvalidUser -->
  <testcase classname="registerpack.CustomerRegistraion" name="registerwithDuplicateEmail" time="0.0">
    <ignored/>
  </testcase> <!-- registerwithDuplicateEmail -->
  <testcase classname="registerpack.SearchOperation" name="searchforValidProduct" time="0.0">
    <ignored/>
  </testcase> <!-- searchforValidProduct -->
  <testcase classname="registerpack.CustomerRegistraion" name="registerwithMandatefileds" time="0.0">
    <ignored/>
  </testcase> <!-- registerwithMandatefileds -->
  <testcase classname="registerpack.CustomerLogin" name="loginWithInvalidCredentials" time="0.0">
    <ignored/>
  </testcase> <!-- loginWithInvalidCredentials -->
  <testcase classname="registerpack.CustomerLogin" name="loginWithvalidCredentials" time="0.0">
    <ignored/>
  </testcase> <!-- loginWithvalidCredentials -->
  <testcase classname="registerpack.CustomerRegistraion" name="registerwithallfileds" time="0.0">
    <ignored/>
  </testcase> <!-- registerwithallfileds -->
</testsuite> <!-- Test -->
