<?xml version="1.0" encoding="UTF-8"?>
<!-- Generated by org.testng.reporters.JUnitXMLReporter -->
<testsuite ignored="0" hostname="LAPTOP-966JUI2U" failures="0" tests="4" name="Test2" time="0.067" errors="0" timestamp="2024-11-12T15:36:55 IST">
  <testcase classname="registerpack.CustomerRegistraion" name="registerwithDuplicateEmail" time="0.011"/>
  <testcase classname="registerpack.CustomerRegistraion" name="registerwithMandatefileds" time="0.002"/>
  <testcase classname="registerpack.CustomerRegistraion" name="registerwithValidEmail" time="0.002"/>
  <testcase classname="registerpack.CustomerRegistraion" name="registerwithallfileds" time="0.002"/>
</testsuite> <!-- Test2 -->
